>show dbs
admin   0.000GB
config  0.000GB
local   0.000GB

> use webdev
switched to db webdev

> db.movies.insert({title: 'Aliens', rating: 4.5})
WriteResult({ "nInserted" : 1 })
> db.movies.insert({title: 'Terminator', rating: 4.8})
WriteResult({ "nInserted" : 1 })
> db.movies.insert({title: 'Avatar', rating: 4.7})
WriteResult({ "nInserted" : 1 })
> db.movies.insert({title: 'Dune', rating: 4.9})
WriteResult({ "nInserted" : 1 })

> show dbs
admin   0.000GB
config  0.000GB
local   0.000GB
webdev  0.000GB

> db.movies.find();
{ "_id" : ObjectId("61a51199c356cc9ce33475d3"), "title" : "Aliens", "rating" : 4.5 }
{ "_id" : ObjectId("61a51201c356cc9ce33475d4"), "title" : "Terminator", "rating" : 4.8 }
{ "_id" : ObjectId("61a5123ec356cc9ce33475d5"), "title" : "Avatar", "rating" : 4.7 }
{ "_id" : ObjectId("61a51269c356cc9ce33475d6"), "title" : "Dune", "rating" : 4.9 }

> db.movies.find().pretty();
{
        "_id" : ObjectId("61a51199c356cc9ce33475d3"),
        "title" : "Aliens",
        "rating" : 4.5
}
{
        "_id" : ObjectId("61a51201c356cc9ce33475d4"),
        "title" : "Terminator",
        "rating" : 4.8
}
{
        "_id" : ObjectId("61a5123ec356cc9ce33475d5"),
        "title" : "Avatar",
        "rating" : 4.7
}
{
        "_id" : ObjectId("61a51269c356cc9ce33475d6"),
        "title" : "Dune",
        "rating" : 4.9
}

> db.movies.find({_id: ObjectId("61a51199c356cc9ce33475d3")});
{ "_id" : ObjectId("61a51199c356cc9ce33475d3"), "title" : "Aliens", "rating" : 4.5 }

> db.movies.updateOne({title: 'Avatar'}, {$set: {rating: 4.9}});
{ "acknowledged" : true, "matchedCount" : 1, "modifiedCount" : 1 }

> db.movies.updateOne({_id: ObjectId("61a51201c356cc9ce33475d4")},{$set: {rating:4.5}})
{ "acknowledged" : true, "matchedCount" : 1, "modifiedCount" : 1 }

> db.movies.deleteOne({_id: ObjectId("61a51201c356cc9ce33475d4")})
{ "acknowledged" : true, "deletedCount" : 1 }

> db.movies.find()
{ "_id" : ObjectId("61a51199c356cc9ce33475d3"), "title" : "Aliens", "rating" : 4.5 }
{ "_id" : ObjectId("61a5123ec356cc9ce33475d5"), "title" : "Avatar", "rating" : 4.9 }
{ "_id" : ObjectId("61a51269c356cc9ce33475d6"), "title" : "Dune", "rating" : 4.9 }
